<?xml version="1.0" encoding="UTF-8" ?>
<testsuite tests="2" failures="1" name="com.dingxiang.springboot.web.ch4_6.TestControllerIntegrationTests" time="0.106" errors="0" skipped="0">
  <properties>
[...]
</properties>
  <testcase classname="com.dingxiang.springboot.web.ch4_6.TestControllerIntegrationTests" name="testRestController" time="0.091">
    <failure message="Status expected:&lt;200&gt; but was:&lt;404&gt;" type="java.lang.AssertionError">java.lang.AssertionError: Status expected:&lt;200&gt; but was:&lt;404&gt;
	at org.springframework.test.util.AssertionErrors.fail(AssertionErrors.java:60)
	at org.springframework.test.util.AssertionErrors.assertEquals(AssertionErrors.java:89)
	at org.springframework.test.web.servlet.result.StatusResultMatchers$10.match(StatusResultMatchers.java:653)
	at org.springframework.test.web.servlet.MockMvc$1.andExpect(MockMvc.java:152)
	at com.dingxiang.springboot.web.ch4_6.TestControllerIntegrationTests.testRestController(TestControllerIntegrationTests.java:62)
	at sun.reflect.NativeMethodAccessorImpl.invoke0(Native Method)
	at sun.reflect.NativeMethodAccessorImpl.invoke(NativeMethodAccessorImpl.java:62)
	at sun.reflect.DelegatingMethodAccessorImpl.invoke(DelegatingMethodAccessorImpl.java:43)
	at java.lang.reflect.Method.invoke(Method.java:498)
	at org.junit.runners.model.FrameworkMethod$1.runReflectiveCall(FrameworkMethod.java:47)
	at org.junit.internal.runners.model.ReflectiveCallable.run(ReflectiveCallable.java:12)
	at org.junit.runners.model.FrameworkMethod.invokeExplosively(FrameworkMethod.java:44)
	at org.junit.internal.runners.statements.InvokeMethod.evaluate(InvokeMethod.java:17)
	at org.junit.internal.runners.statements.RunBefores.evaluate(RunBefores.java:26)
	at org.springframework.test.context.junit4.statements.RunBeforeTestMethodCallbacks.evaluate(RunBeforeTestMethodCallbacks.java:73)
	at org.springframework.test.context.junit4.statements.RunAfterTestMethodCallbacks.evaluate(RunAfterTestMethodCallbacks.java:82)
	at org.springframework.test.context.junit4.statements.SpringRepeat.evaluate(SpringRepeat.java:73)
	at org.junit.runners.ParentRunner.runLeaf(ParentRunner.java:271)
	at org.springframework.test.context.junit4.SpringJUnit4ClassRunner.runChild(SpringJUnit4ClassRunner.java:224)
	at org.springframework.test.context.junit4.SpringJUnit4ClassRunner.runChild(SpringJUnit4ClassRunner.java:83)
	at org.junit.runners.ParentRunner$3.run(ParentRunner.java:238)
	at org.junit.runners.ParentRunner$1.schedule(ParentRunner.java:63)
	at org.junit.runners.ParentRunner.runChildren(ParentRunner.java:236)
	at org.junit.runners.ParentRunner.access$000(ParentRunner.java:53)
	at org.junit.runners.ParentRunner$2.evaluate(ParentRunner.java:229)
	at org.springframework.test.context.junit4.statements.RunBeforeTestClassCallbacks.evaluate(RunBeforeTestClassCallbacks.java:61)
	at org.springframework.test.context.junit4.statements.RunAfterTestClassCallbacks.evaluate(RunAfterTestClassCallbacks.java:68)
	at org.junit.runners.ParentRunner.run(ParentRunner.java:309)
	at org.springframework.test.context.junit4.SpringJUnit4ClassRunner.run(SpringJUnit4ClassRunner.java:163)
	at org.apache.maven.surefire.junit4.JUnit4Provider.execute(JUnit4Provider.java:252)
	at org.apache.maven.surefire.junit4.JUnit4Provider.executeTestSet(JUnit4Provider.java:141)
	at org.apache.maven.surefire.junit4.JUnit4Provider.invoke(JUnit4Provider.java:112)
	at sun.reflect.NativeMethodAccessorImpl.invoke0(Native Method)
	at sun.reflect.NativeMethodAccessorImpl.invoke(NativeMethodAccessorImpl.java:62)
	at sun.reflect.DelegatingMethodAccessorImpl.invoke(DelegatingMethodAccessorImpl.java:43)
	at java.lang.reflect.Method.invoke(Method.java:498)
	at org.apache.maven.surefire.util.ReflectionUtils.invokeMethodWithArray(ReflectionUtils.java:189)
	at org.apache.maven.surefire.booter.ProviderFactory$ProviderProxy.invoke(ProviderFactory.java:165)
	at org.apache.maven.surefire.booter.ProviderFactory.invokeProvider(ProviderFactory.java:85)
	at org.apache.maven.surefire.booter.ForkedBooter.runSuitesInProcess(ForkedBooter.java:115)
	at org.apache.maven.surefire.booter.ForkedBooter.main(ForkedBooter.java:75)
</failure>
    <system-out>logbak: 16:51:33.616 o.s.t.c.w.WebTestContextBootstrapper - Loaded default TestExecutionListener class names from location [META-INF/spring.factories]: [org.springframework.test.context.web.ServletTestExecutionListener, org.springframework.test.context.support.DependencyInjectionTestExecutionListener, org.springframework.test.context.support.DirtiesContextTestExecutionListener, org.springframework.test.context.transaction.TransactionalTestExecutionListener, org.springframework.test.context.jdbc.SqlScriptsTestExecutionListener]
logbak: 16:51:33.627 o.s.t.c.w.WebTestContextBootstrapper - Using TestExecutionListeners: [org.springframework.test.context.web.ServletTestExecutionListener@1e4a7dd4, org.springframework.test.context.support.DependencyInjectionTestExecutionListener@4f51b3e0, org.springframework.test.context.support.DirtiesContextTestExecutionListener@4b9e255, org.springframework.test.context.transaction.TransactionalTestExecutionListener@5e57643e, org.springframework.test.context.jdbc.SqlScriptsTestExecutionListener@133e16fd]
logbak: 16:51:33.684 o.s.w.c.s.StandardServletEnvironment - Adding [servletConfigInitParams] PropertySource with lowest search precedence
logbak: 16:51:33.684 o.s.w.c.s.StandardServletEnvironment - Adding [servletContextInitParams] PropertySource with lowest search precedence
logbak: 16:51:33.686 o.s.w.c.s.StandardServletEnvironment - Adding [systemProperties] PropertySource with lowest search precedence
logbak: 16:51:33.687 o.s.w.c.s.StandardServletEnvironment - Adding [systemEnvironment] PropertySource with lowest search precedence
logbak: 16:51:33.688 o.s.w.c.s.StandardServletEnvironment - Initialized StandardServletEnvironment with PropertySources [servletConfigInitParams,servletContextInitParams,systemProperties,systemEnvironment]
logbak: 16:51:33.711 o.s.w.c.s.GenericWebApplicationContext - Refreshing org.springframework.web.context.support.GenericWebApplicationContext@1372ed45: startup date [Fri Jan 19 16:51:33 CST 2018]; root of context hierarchy
logbak: 16:51:33.712 o.s.w.c.s.StandardServletEnvironment - Replacing [servletContextInitParams] PropertySource with [servletContextInitParams]
logbak: 16:51:33.713 o.s.w.c.s.GenericWebApplicationContext - Bean factory for org.springframework.web.context.support.GenericWebApplicationContext@1372ed45: org.springframework.beans.factory.support.DefaultListableBeanFactory@6a400542: defining beans [org.springframework.context.annotation.internalConfigurationAnnotationProcessor,org.springframework.context.annotation.internalAutowiredAnnotationProcessor,org.springframework.context.annotation.internalRequiredAnnotationProcessor,org.springframework.context.annotation.internalCommonAnnotationProcessor,myMvcConfig]; root of factory hierarchy
logbak: 16:51:33.892 o.s.b.f.a.AutowiredAnnotationBeanPostProcessor - JSR-330 &apos;javax.inject.Inject&apos; annotation found and supported for autowiring
logbak: 16:51:33.909 o.s.c.s.PostProcessorRegistrationDelegate$BeanPostProcessorChecker - Bean &apos;org.springframework.scheduling.annotation.SchedulingConfiguration&apos; of type [class org.springframework.scheduling.annotation.SchedulingConfiguration$$EnhancerBySpringCGLIB$$d4daba6d] is not eligible for getting processed by all BeanPostProcessors (for example: not eligible for auto-proxying)
logbak: 16:51:33.929 o.s.w.c.s.GenericWebApplicationContext - Unable to locate MessageSource with name &apos;messageSource&apos;: using default [org.springframework.context.support.DelegatingMessageSource@70e9c95d]
logbak: 16:51:33.932 o.s.w.c.s.GenericWebApplicationContext - Unable to locate ApplicationEventMulticaster with name &apos;applicationEventMulticaster&apos;: using default [org.springframework.context.event.SimpleApplicationEventMulticaster@4a883b15]
logbak: 16:51:34.082 o.s.w.s.m.m.a.RequestMappingHandlerMapping - Looking for request mappings in application context: org.springframework.web.context.support.GenericWebApplicationContext@1372ed45: startup date [Fri Jan 19 16:51:33 CST 2018]; root of context hierarchy
logbak: 16:51:34.090 o.s.w.s.m.m.a.RequestMappingHandlerMapping - Mapped &quot;{[/push],methods=[],params=[],headers=[],consumes=[],produces=[text/event-stream],custom=[]}&quot; onto public java.lang.String com.dingxiang.springboot.web.ch4_5.SesController.push()
logbak: 16:51:34.090 o.s.w.s.m.m.a.RequestMappingHandlerMapping - Mapped &quot;{[/upload],methods=[POST],params=[],headers=[],consumes=[],produces=[],custom=[]}&quot; onto public java.lang.String com.dingxiang.springboot.web.ch4_5.UploadController.upload(org.springframework.web.multipart.MultipartFile)
logbak: 16:51:34.090 o.s.w.s.m.m.a.RequestMappingHandlerMapping - Mapped &quot;{[/convert],methods=[],params=[],headers=[],consumes=[],produces=[application/x-wisely],custom=[]}&quot; onto public com.dingxiang.springboot.domain.DemoObj com.dingxiang.springboot.web.ch4_5.ConverterController.convert(com.dingxiang.springboot.domain.DemoObj)
logbak: 16:51:34.091 o.s.w.s.m.m.a.RequestMappingHandlerMapping - Mapped &quot;{[/defer],methods=[],params=[],headers=[],consumes=[],produces=[],custom=[]}&quot; onto public org.springframework.web.context.request.async.DeferredResult&lt;java.lang.String&gt; com.dingxiang.springboot.web.ch4_5.AysncController.deferredCall()
logbak: 16:51:34.091 o.s.w.s.m.m.a.RequestMappingHandlerMapping - Mapped &quot;{[/normal],methods=[],params=[],headers=[],consumes=[],produces=[],custom=[]}&quot; onto public java.lang.String com.dingxiang.springboot.web.ch4_6.NormalController.testPage(org.springframework.ui.Model)
logbak: 16:51:34.091 o.s.w.s.m.m.a.RequestMappingHandlerMapping - Mapped &quot;{[/index],methods=[],params=[],headers=[],consumes=[],produces=[],custom=[]}&quot; onto public java.lang.String com.dingxiang.springboot.web.HelloController.hello()
logbak: 16:51:34.093 o.s.w.s.m.m.a.RequestMappingHandlerMapping - Mapped &quot;{[/rest/getjson],methods=[],params=[],headers=[],consumes=[],produces=[application/json;charset=UTF-8],custom=[]}&quot; onto public com.dingxiang.springboot.domain.DemoObj com.dingxiang.springboot.web.ch4_3.DemoRestController.getjson(com.dingxiang.springboot.domain.DemoObj)
logbak: 16:51:34.094 o.s.w.s.m.m.a.RequestMappingHandlerMapping - Mapped &quot;{[/rest/getxml],methods=[],params=[],headers=[],consumes=[],produces=[application/xml;charset=UTF-8],custom=[]}&quot; onto public com.dingxiang.springboot.domain.DemoObj com.dingxiang.springboot.web.ch4_3.DemoRestController.getxml(com.dingxiang.springboot.domain.DemoObj)
logbak: 16:51:34.095 o.s.w.s.m.m.a.RequestMappingHandlerMapping - Mapped &quot;{[/anno/pathvar/{str}],methods=[],params=[],headers=[],consumes=[],produces=[text/plain;charset=UTF-8],custom=[]}&quot; onto public java.lang.String com.dingxiang.springboot.web.ch4_3.DemoAnnoController.demoPathVar(java.lang.String,javax.servlet.http.HttpServletRequest)
logbak: 16:51:34.095 o.s.w.s.m.m.a.RequestMappingHandlerMapping - Mapped &quot;{[/anno/requestParam],methods=[],params=[],headers=[],consumes=[],produces=[text/plain;charset=UTF-8],custom=[]}&quot; onto public java.lang.String com.dingxiang.springboot.web.ch4_3.DemoAnnoController.passRequestParam(java.lang.Long,javax.servlet.http.HttpServletRequest)
logbak: 16:51:34.096 o.s.w.s.m.m.a.RequestMappingHandlerMapping - Mapped &quot;{[/anno/obj],methods=[],params=[],headers=[],consumes=[],produces=[application/json;charset=UTF-8],custom=[]}&quot; onto public java.lang.String com.dingxiang.springboot.web.ch4_3.DemoAnnoController.passObj(com.dingxiang.springboot.domain.DemoObj,javax.servlet.http.HttpServletRequest)
logbak: 16:51:34.096 o.s.w.s.m.m.a.RequestMappingHandlerMapping - Mapped &quot;{[/anno],methods=[],params=[],headers=[],consumes=[],produces=[text/plain;charset=UTF-8],custom=[]}&quot; onto public java.lang.String com.dingxiang.springboot.web.ch4_3.DemoAnnoController.index(javax.servlet.http.HttpServletRequest)
logbak: 16:51:34.096 o.s.w.s.m.m.a.RequestMappingHandlerMapping - Mapped &quot;{[/anno/name1 || /anno/name2],methods=[],params=[],headers=[],consumes=[],produces=[text/plain;charset=UTF-8],custom=[]}&quot; onto public java.lang.String com.dingxiang.springboot.web.ch4_3.DemoAnnoController.remove(javax.servlet.http.HttpServletRequest)
logbak: 16:51:34.097 o.s.w.s.m.m.a.RequestMappingHandlerMapping - Mapped &quot;{[/advice],methods=[],params=[],headers=[],consumes=[],produces=[],custom=[]}&quot; onto public java.lang.String com.dingxiang.springboot.web.ch4_4.AdviceController.getSomething(java.lang.String,com.dingxiang.springboot.domain.DemoObj)
logbak: 16:51:34.110 o.s.w.s.h.SimpleUrlHandlerMapping - Mapped URL path [/sse] onto handler of type [class org.springframework.web.servlet.mvc.ParameterizableViewController]
logbak: 16:51:34.111 o.s.w.s.h.SimpleUrlHandlerMapping - Mapped URL path [/converter] onto handler of type [class org.springframework.web.servlet.mvc.ParameterizableViewController]
logbak: 16:51:34.111 o.s.w.s.h.SimpleUrlHandlerMapping - Mapped URL path [/index] onto handler of type [class org.springframework.web.servlet.mvc.ParameterizableViewController]
logbak: 16:51:34.111 o.s.w.s.h.SimpleUrlHandlerMapping - Mapped URL path [/async] onto handler of type [class org.springframework.web.servlet.mvc.ParameterizableViewController]
logbak: 16:51:34.111 o.s.w.s.h.SimpleUrlHandlerMapping - Mapped URL path [/toUpload] onto handler of type [class org.springframework.web.servlet.mvc.ParameterizableViewController]
logbak: 16:51:34.114 o.s.w.s.h.BeanNameUrlHandlerMapping - Looking for URL mappings in application context: org.springframework.web.context.support.GenericWebApplicationContext@1372ed45: startup date [Fri Jan 19 16:51:33 CST 2018]; root of context hierarchy
logbak: 16:51:34.115 o.s.w.s.h.BeanNameUrlHandlerMapping - Rejected bean name &apos;org.springframework.context.annotation.internalConfigurationAnnotationProcessor&apos;: no URL paths identified
logbak: 16:51:34.115 o.s.w.s.h.BeanNameUrlHandlerMapping - Rejected bean name &apos;org.springframework.context.annotation.internalAutowiredAnnotationProcessor&apos;: no URL paths identified
logbak: 16:51:34.115 o.s.w.s.h.BeanNameUrlHandlerMapping - Rejected bean name &apos;org.springframework.context.annotation.internalRequiredAnnotationProcessor&apos;: no URL paths identified
logbak: 16:51:34.115 o.s.w.s.h.BeanNameUrlHandlerMapping - Rejected bean name &apos;org.springframework.context.annotation.internalCommonAnnotationProcessor&apos;: no URL paths identified
logbak: 16:51:34.115 o.s.w.s.h.BeanNameUrlHandlerMapping - Rejected bean name &apos;myMvcConfig&apos;: no URL paths identified
logbak: 16:51:34.115 o.s.w.s.h.BeanNameUrlHandlerMapping - Rejected bean name &apos;org.springframework.context.annotation.ConfigurationClassPostProcessor.importAwareProcessor&apos;: no URL paths identified
logbak: 16:51:34.115 o.s.w.s.h.BeanNameUrlHandlerMapping - Rejected bean name &apos;org.springframework.context.annotation.ConfigurationClassPostProcessor.enhancedConfigurationProcessor&apos;: no URL paths identified
logbak: 16:51:34.115 o.s.w.s.h.BeanNameUrlHandlerMapping - Rejected bean name &apos;exceptionHandlerAdvice&apos;: no URL paths identified
logbak: 16:51:34.116 o.s.w.s.h.BeanNameUrlHandlerMapping - Rejected bean name &apos;pushService&apos;: no URL paths identified
logbak: 16:51:34.116 o.s.w.s.h.BeanNameUrlHandlerMapping - Rejected bean name &apos;demoService&apos;: no URL paths identified
logbak: 16:51:34.116 o.s.w.s.h.BeanNameUrlHandlerMapping - Rejected bean name &apos;sesController&apos;: no URL paths identified
logbak: 16:51:34.116 o.s.w.s.h.BeanNameUrlHandlerMapping - Rejected bean name &apos;uploadController&apos;: no URL paths identified
logbak: 16:51:34.116 o.s.w.s.h.BeanNameUrlHandlerMapping - Rejected bean name &apos;converterController&apos;: no URL paths identified
logbak: 16:51:34.116 o.s.w.s.h.BeanNameUrlHandlerMapping - Rejected bean name &apos;aysncController&apos;: no URL paths identified
logbak: 16:51:34.116 o.s.w.s.h.BeanNameUrlHandlerMapping - Rejected bean name &apos;normalController&apos;: no URL paths identified
logbak: 16:51:34.116 o.s.w.s.h.BeanNameUrlHandlerMapping - Rejected bean name &apos;helloController&apos;: no URL paths identified
logbak: 16:51:34.116 o.s.w.s.h.BeanNameUrlHandlerMapping - Rejected bean name &apos;demoRestController&apos;: no URL paths identified
logbak: 16:51:34.116 o.s.w.s.h.BeanNameUrlHandlerMapping - Rejected bean name &apos;demoAnnoController&apos;: no URL paths identified
logbak: 16:51:34.116 o.s.w.s.h.BeanNameUrlHandlerMapping - Rejected bean name &apos;adviceController&apos;: no URL paths identified
logbak: 16:51:34.116 o.s.w.s.h.BeanNameUrlHandlerMapping - Rejected bean name &apos;org.springframework.web.servlet.config.annotation.DelegatingWebMvcConfiguration&apos;: no URL paths identified
logbak: 16:51:34.116 o.s.w.s.h.BeanNameUrlHandlerMapping - Rejected bean name &apos;requestMappingHandlerMapping&apos;: no URL paths identified
logbak: 16:51:34.116 o.s.w.s.h.BeanNameUrlHandlerMapping - Rejected bean name &apos;mvcContentNegotiationManager&apos;: no URL paths identified
logbak: 16:51:34.116 o.s.w.s.h.BeanNameUrlHandlerMapping - Rejected bean name &apos;viewControllerHandlerMapping&apos;: no URL paths identified
logbak: 16:51:34.116 o.s.w.s.h.BeanNameUrlHandlerMapping - Rejected bean name &apos;beanNameHandlerMapping&apos;: no URL paths identified
logbak: 16:51:34.116 o.s.w.s.h.BeanNameUrlHandlerMapping - Rejected bean name &apos;resourceHandlerMapping&apos;: no URL paths identified
logbak: 16:51:34.116 o.s.w.s.h.BeanNameUrlHandlerMapping - Rejected bean name &apos;mvcResourceUrlProvider&apos;: no URL paths identified
logbak: 16:51:34.116 o.s.w.s.h.BeanNameUrlHandlerMapping - Rejected bean name &apos;defaultServletHandlerMapping&apos;: no URL paths identified
logbak: 16:51:34.116 o.s.w.s.h.BeanNameUrlHandlerMapping - Rejected bean name &apos;requestMappingHandlerAdapter&apos;: no URL paths identified
logbak: 16:51:34.116 o.s.w.s.h.BeanNameUrlHandlerMapping - Rejected bean name &apos;mvcConversionService&apos;: no URL paths identified
logbak: 16:51:34.117 o.s.w.s.h.BeanNameUrlHandlerMapping - Rejected bean name &apos;mvcValidator&apos;: no URL paths identified
logbak: 16:51:34.117 o.s.w.s.h.BeanNameUrlHandlerMapping - Rejected bean name &apos;mvcPathMatcher&apos;: no URL paths identified
logbak: 16:51:34.117 o.s.w.s.h.BeanNameUrlHandlerMapping - Rejected bean name &apos;mvcUrlPathHelper&apos;: no URL paths identified
logbak: 16:51:34.117 o.s.w.s.h.BeanNameUrlHandlerMapping - Rejected bean name &apos;mvcUriComponentsContributor&apos;: no URL paths identified
logbak: 16:51:34.117 o.s.w.s.h.BeanNameUrlHandlerMapping - Rejected bean name &apos;httpRequestHandlerAdapter&apos;: no URL paths identified
logbak: 16:51:34.117 o.s.w.s.h.BeanNameUrlHandlerMapping - Rejected bean name &apos;simpleControllerHandlerAdapter&apos;: no URL paths identified
logbak: 16:51:34.117 o.s.w.s.h.BeanNameUrlHandlerMapping - Rejected bean name &apos;handlerExceptionResolver&apos;: no URL paths identified
logbak: 16:51:34.117 o.s.w.s.h.BeanNameUrlHandlerMapping - Rejected bean name &apos;mvcViewResolver&apos;: no URL paths identified
logbak: 16:51:34.117 o.s.w.s.h.BeanNameUrlHandlerMapping - Rejected bean name &apos;org.springframework.scheduling.annotation.SchedulingConfiguration&apos;: no URL paths identified
logbak: 16:51:34.117 o.s.w.s.h.BeanNameUrlHandlerMapping - Rejected bean name &apos;org.springframework.context.annotation.internalScheduledAnnotationProcessor&apos;: no URL paths identified
logbak: 16:51:34.117 o.s.w.s.h.BeanNameUrlHandlerMapping - Rejected bean name &apos;viewResolver&apos;: no URL paths identified
logbak: 16:51:34.117 o.s.w.s.h.BeanNameUrlHandlerMapping - Rejected bean name &apos;demoInterceptor&apos;: no URL paths identified
logbak: 16:51:34.118 o.s.w.s.h.BeanNameUrlHandlerMapping - Rejected bean name &apos;multipartResolver&apos;: no URL paths identified
logbak: 16:51:34.118 o.s.w.s.h.BeanNameUrlHandlerMapping - Rejected bean name &apos;converter&apos;: no URL paths identified
logbak: 16:51:34.118 o.s.w.s.h.BeanNameUrlHandlerMapping - Rejected bean name &apos;environment&apos;: no URL paths identified
logbak: 16:51:34.118 o.s.w.s.h.BeanNameUrlHandlerMapping - Rejected bean name &apos;systemProperties&apos;: no URL paths identified
logbak: 16:51:34.118 o.s.w.s.h.BeanNameUrlHandlerMapping - Rejected bean name &apos;systemEnvironment&apos;: no URL paths identified
logbak: 16:51:34.118 o.s.w.s.h.BeanNameUrlHandlerMapping - Rejected bean name &apos;servletContext&apos;: no URL paths identified
logbak: 16:51:34.118 o.s.w.s.h.BeanNameUrlHandlerMapping - Rejected bean name &apos;contextParameters&apos;: no URL paths identified
logbak: 16:51:34.118 o.s.w.s.h.BeanNameUrlHandlerMapping - Rejected bean name &apos;contextAttributes&apos;: no URL paths identified
logbak: 16:51:34.118 o.s.w.s.h.BeanNameUrlHandlerMapping - Rejected bean name &apos;org.springframework.context.annotation.ConfigurationClassPostProcessor.importRegistry&apos;: no URL paths identified
logbak: 16:51:34.118 o.s.w.s.h.BeanNameUrlHandlerMapping - Rejected bean name &apos;messageSource&apos;: no URL paths identified
logbak: 16:51:34.118 o.s.w.s.h.BeanNameUrlHandlerMapping - Rejected bean name &apos;applicationEventMulticaster&apos;: no URL paths identified
logbak: 16:51:34.123 o.s.w.s.h.SimpleUrlHandlerMapping - Mapped URL path [/assets/**] onto handler of type [class org.springframework.web.servlet.resource.ResourceHttpRequestHandler]
logbak: 16:51:34.318 o.s.w.s.m.m.a.RequestMappingHandlerAdapter - Looking for @ControllerAdvice: org.springframework.web.context.support.GenericWebApplicationContext@1372ed45: startup date [Fri Jan 19 16:51:33 CST 2018]; root of context hierarchy
logbak: 16:51:34.320 o.s.w.s.m.m.a.RequestMappingHandlerAdapter - Detected @ModelAttribute methods in exceptionHandlerAdvice
logbak: 16:51:34.321 o.s.w.s.m.m.a.RequestMappingHandlerAdapter - Detected @InitBinder methods in exceptionHandlerAdvice
logbak: 16:51:34.359 o.s.w.s.m.m.a.ExceptionHandlerExceptionResolver - Looking for exception mappings: org.springframework.web.context.support.GenericWebApplicationContext@1372ed45: startup date [Fri Jan 19 16:51:33 CST 2018]; root of context hierarchy
logbak: 16:51:34.362 o.s.w.s.m.m.a.ExceptionHandlerExceptionResolver - Detected @ExceptionHandler methods in exceptionHandlerAdvice
logbak: 16:51:34.394 o.s.w.c.s.GenericWebApplicationContext - Unable to locate LifecycleProcessor with name &apos;lifecycleProcessor&apos;: using default [org.springframework.context.support.DefaultLifecycleProcessor@4372b9b6]
logbak: 16:51:34.396 o.s.w.s.resource.ResourceUrlProvider - Looking for resource handler mappings
logbak: 16:51:34.397 o.s.w.s.resource.ResourceUrlProvider - Found resource handler mapping: URL pattern=&quot;/assets/**&quot;, locations=[class path resource [assets/]], resolvers=[org.springframework.web.servlet.resource.PathResourceResolver@1f6c9cd8]
logbak: 16:51:34.429 o.s.w.c.s.StandardServletEnvironment - Adding [servletConfigInitParams] PropertySource with lowest search precedence
logbak: 16:51:34.429 o.s.w.c.s.StandardServletEnvironment - Adding [servletContextInitParams] PropertySource with lowest search precedence
logbak: 16:51:34.429 o.s.w.c.s.StandardServletEnvironment - Adding [systemProperties] PropertySource with lowest search precedence
logbak: 16:51:34.429 o.s.w.c.s.StandardServletEnvironment - Adding [systemEnvironment] PropertySource with lowest search precedence
logbak: 16:51:34.429 o.s.w.c.s.StandardServletEnvironment - Initialized StandardServletEnvironment with PropertySources [servletConfigInitParams,servletContextInitParams,systemProperties,systemEnvironment]
logbak: 16:51:34.430 o.s.mock.web.MockServletContext - Initializing Spring FrameworkServlet &apos;&apos;
logbak: 16:51:34.430 o.s.t.w.s.TestDispatcherServlet - FrameworkServlet &apos;&apos;: initialization started
logbak: 16:51:34.437 o.s.t.w.s.TestDispatcherServlet - FrameworkServlet &apos;&apos;: initialization completed in 7 ms
logbak: 16:51:34.495 o.s.w.s.m.m.a.RequestMappingHandlerMapping - Looking up handler method for path /testRest
logbak: 16:51:34.497 o.s.w.s.m.m.a.RequestMappingHandlerMapping - Did not find handler method for [/testRest]
logbak: 16:51:34.498 o.s.web.servlet.PageNotFound - No mapping found for HTTP request with URI [/testRest] in DispatcherServlet with name &apos;&apos;
</system-out>
  </testcase>
  <testcase classname="com.dingxiang.springboot.web.ch4_6.TestControllerIntegrationTests" name="testNormalController" time="0.015"/>
</testsuite>